#
# There is insufficient memory for the Java Runtime Environment to continue.
# Native memory allocation (mmap) failed to map 12288 bytes for committing reserved memory.
# Possible reasons:
#   The system is out of physical RAM or swap space
#   In 32 bit mode, the process size limit was hit
# Possible solutions:
#   Reduce memory load on the system
#   Increase physical memory or swap space
#   Check if swap backing store is full
#   Use 64 bit Java on a 64 bit OS
#   Decrease Java heap size (-Xmx/-Xms)
#   Decrease number of Java threads
#   Decrease Java thread stack sizes (-Xss)
#   Set larger code cache with -XX:ReservedCodeCacheSize=
# This output file may be truncated or incomplete.
#
#  Out of Memory Error (os_linux.cpp:2627), pid=3502, tid=3060435776
#
# JRE version: Java(TM) SE Runtime Environment (8.0_60-b27) (build 1.8.0_60-b27)
# Java VM: Java HotSpot(TM) Server VM (25.60-b23 mixed mode linux-x86 )
# Failed to write core dump. Core dumps have been disabled. To enable core dumping, try "ulimit -c unlimited" before starting Java again
#

---------------  T H R E A D  ---------------

Current thread (0xb6508800):  JavaThread "Unknown thread" [_thread_in_vm, id=3509, stack(0xb6658000,0xb66a9000)]

Stack: [0xb6658000,0xb66a9000],  sp=0xb66a7e30,  free space=319k
Native frames: (J=compiled Java code, j=interpreted, Vv=VM code, C=native code)
V  [libjvm.so+0x8cd06f]  VMError::report_and_die()+0x16f
V  [libjvm.so+0x38bea5]  report_vm_out_of_memory(char const*, int, unsigned int, VMErrorType, char const*)+0x55
V  [libjvm.so+0x750e26]  os::Linux::commit_memory_impl(char*, unsigned int, bool)+0xe6
V  [libjvm.so+0x750ed9]  os::pd_commit_memory(char*, unsigned int, bool)+0x19
V  [libjvm.so+0x74a678]  os::commit_memory(char*, unsigned int, bool)+0x28
V  [libjvm.so+0x74ee08]  os::pd_create_stack_guard_pages(char*, unsigned int)+0x68
V  [libjvm.so+0x747d20]  os::create_stack_guard_pages(char*, unsigned int)+0x20
V  [libjvm.so+0x876b67]  JavaThread::create_stack_guard_pages()+0x67
V  [libjvm.so+0x53becc]  attach_current_thread+0x9c
V  [libjvm.so+0x53b8dc]  jni_DestroyJavaVM+0x5c
C  [libjli.so+0x7037]  JavaMain+0x2a7
C  [libpthread.so.0+0x6f70]  start_thread+0xd0
C  [libc.so.6+0xebbee]  clone+0x5e


---------------  P R O C E S S  ---------------

Java Threads: ( => current thread )
  0x86039800 JavaThread "Service Thread" daemon [_thread_blocked, id=3519, stack(0x85c0b000,0x85c5c000)]
  0x86036800 JavaThread "C1 CompilerThread1" daemon [_thread_blocked, id=3518, stack(0x85c5c000,0x85cdd000)]
  0x86034800 JavaThread "C2 CompilerThread0" daemon [_thread_blocked, id=3517, stack(0x85cdd000,0x85d5e000)]
  0x86033400 JavaThread "Signal Dispatcher" daemon [_thread_blocked, id=3516, stack(0x85d5e000,0x85daf000)]
  0x86015800 JavaThread "Finalizer" daemon [_thread_blocked, id=3515, stack(0x85faf000,0x86000000)]
  0x86014000 JavaThread "Reference Handler" daemon [_thread_blocked, id=3514, stack(0x86109000,0x8615a000)]

Other Threads:
  0x86011000 VMThread [stack: 0x87a24000,0x87aa5000] [id=3513]
  0x8603b400 WatcherThread [stack: 0x85b8a000,0x85c0b000] [id=3520]

=>0xb6508800 (exited) JavaThread "Unknown thread" [_thread_in_vm, id=3509, stack(0xb6658000,0xb66a9000)]

VM state:not at safepoint (normal execution)

VM Mutex/Monitor currently owned by a thread: None

Heap:
 PSYoungGen      total 9472K, used 2944K [0x9ca00000, 0x9d480000, 0xa7000000)
  eden space 8192K, 20% used [0x9ca00000,0x9cba1000,0x9d200000)
  from space 1280K, 99% used [0x9d200000,0x9d33f0f8,0x9d340000)
  to   space 1280K, 0% used [0x9d340000,0x9d340000,0x9d480000)
 ParOldGen       total 22016K, used 955K [0x87e00000, 0x89380000, 0x9ca00000)
  object space 22016K, 4% used [0x87e00000,0x87eeeec0,0x89380000)
 Metaspace       used 4414K, capacity 4475K, committed 4504K, reserved 5424K

Card table byte_map: [0xa7006000,0xa7100000] byte_map_base: 0xa6bc7000

Marking Bits: (ParMarkBitMap*) 0xb70ed380
 Begin Bits: [0x86970000, 0x87138000)
 End Bits:   [0x87138000, 0x87900000)

Polling page: 0xb76f3000

CodeCache: size=245760Kb used=1469Kb max_used=1469Kb free=244290Kb
 bounds [0xa74c0000, 0xa7700000, 0xb64c0000]
 total_blobs=578 nmethods=416 adapters=78
 compilation: enabled

Compilation events (10 events):
Event: 59,218 Thread 0x86036800  418       3       java.util.zip.ZipEntry::getSize (5 bytes)
Event: 59,218 Thread 0x86036800 nmethod 418 0xa762f048 code [0xa762f160, 0xa762f240]
Event: 59,246 Thread 0x86036800  419       3       java.lang.StringBuffer::<init> (6 bytes)
Event: 59,246 Thread 0x86036800 nmethod 419 0xa762f2c8 code [0xa762f3e0, 0xa762f5e0]
Event: 59,249 Thread 0x86036800  420       1       java.util.logging.LogManager$LoggerContext::getOwner (5 bytes)
Event: 59,249 Thread 0x86036800 nmethod 420 0xa762f6c8 code [0xa762f7c0, 0xa762f860]
Event: 62,094 Thread 0x86036800  422       1       java.nio.Buffer::position (5 bytes)
Event: 62,094 Thread 0x86036800 nmethod 422 0xa762fb88 code [0xa762fc80, 0xa762fd20]
Event: 62,094 Thread 0x86036800  423       1       java.nio.Buffer::limit (5 bytes)
Event: 62,094 Thread 0x86036800 nmethod 423 0xa762fd88 code [0xa762fe80, 0xa762ff20]

GC Heap History (2 events):
Event: 55,397 GC heap before
{Heap before GC invocations=1 (full 0):
 PSYoungGen      total 9472K, used 8192K [0x9ca00000, 0x9d480000, 0xa7000000)
  eden space 8192K, 100% used [0x9ca00000,0x9d200000,0x9d200000)
  from space 1280K, 0% used [0x9d340000,0x9d340000,0x9d480000)
  to   space 1280K, 0% used [0x9d200000,0x9d200000,0x9d340000)
 ParOldGen       total 22016K, used 0K [0x87e00000, 0x89380000, 0x9ca00000)
  object space 22016K, 0% used [0x87e00000,0x87e00000,0x89380000)
 Metaspace       used 4157K, capacity 4191K, committed 4248K, reserved 4400K
Event: 55,481 GC heap after
Heap after GC invocations=1 (full 0):
 PSYoungGen      total 9472K, used 1276K [0x9ca00000, 0x9d480000, 0xa7000000)
  eden space 8192K, 0% used [0x9ca00000,0x9ca00000,0x9d200000)
  from space 1280K, 99% used [0x9d200000,0x9d33f0f8,0x9d340000)
  to   space 1280K, 0% used [0x9d340000,0x9d340000,0x9d480000)
 ParOldGen       total 22016K, used 955K [0x87e00000, 0x89380000, 0x9ca00000)
  object space 22016K, 4% used [0x87e00000,0x87eeeec0,0x89380000)
 Metaspace       used 4157K, capacity 4191K, committed 4248K, reserved 4400K
}

Deoptimization events (0 events):
No events

Internal exceptions (10 events):
Event: 15,397 Thread 0xb6508800 Exception <a 'java/security/PrivilegedActionException'> (0x9cb33b60) thrown at [/HUDSON3/workspace/8-2-build-linux-i586/jdk8u60/4407/hotspot/src/share/vm/prims/jvm.cpp, line 1386]
Event: 15,397 Thread 0xb6508800 Exception <a 'java/security/PrivilegedActionException'> (0x9cb35630) thrown at [/HUDSON3/workspace/8-2-build-linux-i586/jdk8u60/4407/hotspot/src/share/vm/prims/jvm.cpp, line 1386]
Event: 15,397 Thread 0xb6508800 Exception <a 'java/security/PrivilegedActionException'> (0x9cb35a10) thrown at [/HUDSON3/workspace/8-2-build-linux-i586/jdk8u60/4407/hotspot/src/share/vm/prims/jvm.cpp, line 1386]
Event: 15,397 Thread 0xb6508800 Exception <a 'java/security/PrivilegedActionException'> (0x9cb37ff8) thrown at [/HUDSON3/workspace/8-2-build-linux-i586/jdk8u60/4407/hotspot/src/share/vm/prims/jvm.cpp, line 1386]
Event: 15,397 Thread 0xb6508800 Exception <a 'java/security/PrivilegedActionException'> (0x9cb383d8) thrown at [/HUDSON3/workspace/8-2-build-linux-i586/jdk8u60/4407/hotspot/src/share/vm/prims/jvm.cpp, line 1386]
Event: 50,900 Thread 0xb6508800 Exception <a 'java/lang/NoClassDefFoundError': org/apache/log4j/Category> (0x9ce79578) thrown at [/HUDSON3/workspace/8-2-build-linux-i586/jdk8u60/4407/hotspot/src/share/vm/classfile/systemDictionary.cpp, line 199]
Event: 61,413 Thread 0xb6508800 Exception <a 'java/lang/UnsatisfiedLinkError'> (0x9cb97048) thrown at [/HUDSON3/workspace/8-2-build-linux-i586/jdk8u60/4407/hotspot/src/share/vm/prims/jvm.cpp, line 3969]
Event: 61,413 Thread 0xb6508800 Exception <a 'java/lang/UnsatisfiedLinkError'> (0x9cb97048) thrown at [/HUDSON3/workspace/8-2-build-linux-i586/jdk8u60/4407/hotspot/src/share/vm/prims/jni.cpp, line 709]
Event: 61,413 Thread 0xb6508800 Exception <a 'java/lang/UnsatisfiedLinkError'> (0x9cb97048) thrown at [/HUDSON3/workspace/8-2-build-linux-i586/jdk8u60/4407/hotspot/src/share/vm/prims/jvm.cpp, line 1390]
Event: 61,413 Thread 0xb6508800 Exception <a 'java/lang/UnsatisfiedLinkError'> (0x9cb97048) thrown at [/HUDSON3/workspace/8-2-build-linux-i586/jdk8u60/4407/hotspot/src/share/vm/oops/instanceKlass.cpp, line 945]

Events (10 events):
Event: 61,413 loading class java/lang/UnsatisfiedLinkError done
Event: 61,413 loading class java/lang/InstantiationException
Event: 61,481 loading class java/lang/InstantiationException done
Event: 61,683 loading class java/lang/Throwable$WrappedPrintStream
Event: 61,796 loading class java/lang/Throwable$PrintStreamOrWriter
Event: 61,796 loading class java/lang/Throwable$PrintStreamOrWriter done
Event: 61,796 loading class java/lang/Throwable$WrappedPrintStream done
Event: 61,796 loading class java/util/IdentityHashMap$KeySet
Event: 61,942 loading class java/util/IdentityHashMap$KeySet done
Event: 62,095 Thread 0xb6508800 Thread exited: 0xb6508800


Dynamic libraries:
08048000-08049000 r-xp 00000000 08:05 2767640    /usr/local/java/jdk1.8.0_60/bin/java
08049000-0804a000 rw-p 00000000 08:05 2767640    /usr/local/java/jdk1.8.0_60/bin/java
09a50000-09abd000 rw-p 00000000 00:00 0          [heap]
8544f000-854d5000 r-xp 00000000 08:05 2767544    /usr/local/java/jdk1.8.0_60/jre/lib/i386/libawt.so
854dc000-85500000 r-xp 0008d000 08:05 2767544    /usr/local/java/jdk1.8.0_60/jre/lib/i386/libawt.so
85500000-85529000 rw-p 00000000 00:00 0 
85529000-85600000 ---p 00000000 00:00 0 
85600000-85620000 rw-p 00000000 00:00 0 
85620000-85700000 ---p 00000000 00:00 0 
85700000-857df000 rw-p 00000000 00:00 0 
857df000-85800000 ---p 00000000 00:00 0 
85800000-858fe000 rw-p 00000000 00:00 0 
858fe000-85900000 ---p 00000000 00:00 0 
85917000-85921000 r--s 00116000 08:05 2767495    /usr/local/java/jdk1.8.0_60/jre/lib/ext/localedata.jar
85921000-8593d000 r--s 00393000 08:05 2767500    /usr/local/java/jdk1.8.0_60/jre/lib/ext/cldrdata.jar
8593d000-85941000 r--s 00095000 08:05 2767361    /usr/local/java/jdk1.8.0_60/jre/lib/jsse.jar
85941000-85956000 r-xp 00000000 08:05 2767542    /usr/local/java/jdk1.8.0_60/jre/lib/i386/libnet.so
85956000-85957000 rw-p 00015000 08:05 2767542    /usr/local/java/jdk1.8.0_60/jre/lib/i386/libnet.so
85957000-85958000 r--s 00004000 08:05 268412     /usr/local/apache-tomcat-7.0.14/lib/tomcat-util.jar
85958000-8595a000 r--s 0000b000 08:05 268386     /usr/local/apache-tomcat-7.0.14/lib/tomcat-i18n-ja.jar
8595a000-8595d000 r--s 0000a000 08:05 268387     /usr/local/apache-tomcat-7.0.14/lib/tomcat-i18n-fr.jar
8595d000-85960000 r--s 0000e000 08:05 268388     /usr/local/apache-tomcat-7.0.14/lib/tomcat-i18n-es.jar
85960000-85964000 r--s 00035000 08:05 268413     /usr/local/apache-tomcat-7.0.14/lib/tomcat-dbcp.jar
85964000-85970000 r--s 000a8000 08:05 268395     /usr/local/apache-tomcat-7.0.14/lib/tomcat-coyote.jar
85970000-85973000 r--s 00028000 08:05 268410     /usr/local/apache-tomcat-7.0.14/lib/servlet-api.jar
85973000-85976000 r--s 00013000 08:05 268437     /usr/local/apache-tomcat-7.0.14/lib/jsp-api.jar
85976000-8597e000 r--s 00085000 08:05 268440     /usr/local/apache-tomcat-7.0.14/lib/jasper.jar
8597e000-85981000 r--s 0001b000 08:05 268424     /usr/local/apache-tomcat-7.0.14/lib/jasper-el.jar
85981000-859a2000 r--s 001bb000 08:05 2797872    /usr/local/netbeans-8.0.2/java/modules/JasperReport/poi-3.10.1.jar
859a2000-85a00000 r--s 004ab000 08:05 2795459    /usr/local/netbeans-8.0.2/java/modules/JasperReport/jasperreports-javaflow-6.1.0.jar
85a00000-85afb000 rw-p 00000000 00:00 0 
85afb000-85b00000 ---p 00000000 00:00 0 
85b00000-85b0e000 r--s 00185000 08:05 268423     /usr/local/apache-tomcat-7.0.14/lib/ecj-3.6.2.jar
85b0e000-85b1f000 r--s 0014b000 08:05 268429     /usr/local/apache-tomcat-7.0.14/lib/catalina.jar
85b1f000-85b7d000 r--s 004a0000 08:05 2795457    /usr/local/netbeans-8.0.2/java/modules/JasperReport/jasperreports-6.1.0.jar
85b7d000-85b8a000 r--s 00108000 08:05 2795460    /usr/local/netbeans-8.0.2/java/modules/JasperReport/iText-2.1.7.js2.jar
85b8a000-85b8b000 ---p 00000000 00:00 0 
85b8b000-85c0b000 rw-p 00000000 00:00 0          [stack:3520]
85c0b000-85c0e000 ---p 00000000 00:00 0 
85c0e000-85c5c000 rw-p 00000000 00:00 0          [stack:3519]
85c5c000-85c5f000 ---p 00000000 00:00 0 
85c5f000-85cdd000 rw-p 00000000 00:00 0          [stack:3518]
85cdd000-85ce0000 ---p 00000000 00:00 0 
85ce0000-85d5e000 rw-p 00000000 00:00 0          [stack:3517]
85d5e000-85d61000 ---p 00000000 00:00 0 
85d61000-85daf000 rw-p 00000000 00:00 0          [stack:3516]
85daf000-85faf000 r--p 00000000 08:05 2752768    /usr/lib/locale/locale-archive
85faf000-85fb2000 ---p 00000000 00:00 0 
85fb2000-86000000 rw-p 00000000 00:00 0          [stack:3515]
86000000-860ff000 rw-p 00000000 00:00 0 
860ff000-86100000 ---p 00000000 00:00 0 
86100000-86101000 r--s 00001000 08:05 268418     /usr/local/apache-tomcat-7.0.14/lib/tomcat-api.jar
86101000-86106000 r--s 00039000 08:05 268370     /usr/local/apache-tomcat-7.0.14/lib/catalina-tribes.jar
86106000-86109000 r--s 0001d000 08:05 268411     /usr/local/apache-tomcat-7.0.14/lib/catalina-ha.jar
86109000-8610c000 ---p 00000000 00:00 0 
8610c000-8615a000 rw-p 00000000 00:00 0          [stack:3514]
8615a000-86332000 r--s 03d17000 08:05 2767492    /usr/local/java/jdk1.8.0_60/jre/lib/rt.jar
86332000-86778000 rw-p 00000000 00:00 0 
86778000-8677e000 ---p 00000000 00:00 0 
8677e000-87900000 rw-p 00000000 00:00 0 
87900000-879f9000 rw-p 00000000 00:00 0 
879f9000-87a00000 ---p 00000000 00:00 0 
87a00000-87a02000 r--s 00009000 08:05 268441     /usr/local/apache-tomcat-7.0.14/lib/el-api.jar
87a02000-87a04000 r--s 0000c000 08:05 268405     /usr/local/apache-tomcat-7.0.14/lib/catalina-ant.jar
87a04000-87a05000 r--s 00003000 08:05 268369     /usr/local/apache-tomcat-7.0.14/lib/annotations-api.jar
87a05000-87a06000 r--s 00002000 08:05 2797871    /usr/local/netbeans-8.0.2/java/modules/JasperReport/png-encoder-1.5.jar
87a06000-87a08000 r--s 0025c000 08:05 2795458    /usr/local/netbeans-8.0.2/java/modules/JasperReport/jasperreports-fonts-6.1.0.jar
87a08000-87a0b000 r--s 00015000 08:05 2797869    /usr/local/netbeans-8.0.2/java/modules/JasperReport/commons-javaflow-20060411.jar
87a0b000-87a11000 r--s 0002b000 08:05 2797868    /usr/local/netbeans-8.0.2/java/modules/JasperReport/commons-digester-2.1.jar
87a11000-87a1f000 r--s 0007f000 08:05 2797867    /usr/local/netbeans-8.0.2/java/modules/JasperReport/commons-collections-3.2.1.jar
87a1f000-87a24000 r--s 00034000 08:05 2797866    /usr/local/netbeans-8.0.2/java/modules/JasperReport/commons-beanutils-1.9.0.jar
87a24000-87a25000 ---p 00000000 00:00 0 
87a25000-87b00000 rw-p 00000000 00:00 0          [stack:3513]
87b00000-87b21000 rw-p 00000000 00:00 0 
87b21000-87c00000 ---p 00000000 00:00 0 
87c00000-87c09000 r--s 0005b000 08:05 2773084    /usr/local/netbeans-8.0.2/enterprise/modules/ext/jstl-impl.jar
87c09000-87c58000 rw-p 00000000 00:00 0 
87c58000-87c59000 ---p 00000000 00:00 0 
87c59000-87cd9000 rw-p 00000000 00:00 0          [stack:3512]
87cd9000-87cda000 ---p 00000000 00:00 0 
87cda000-87d65000 rw-p 00000000 00:00 0          [stack:3511]
87d65000-87e00000 ---p 00000000 00:00 0 
87e00000-89380000 rw-p 00000000 00:00 0 
89380000-9ca00000 ---p 00000000 00:00 0 
9ca00000-9d480000 rw-p 00000000 00:00 0 
9d480000-a7000000 ---p 00000000 00:00 0 
a7000000-a7006000 r--s 00087000 08:05 2769735    /usr/local/netbeans-8.0.2/ide/modules/ext/postgresql-9.2-1002.jdbc4.jar
a7006000-a7011000 rw-p 00000000 00:00 0 
a7011000-a70ac000 ---p 00000000 00:00 0 
a70ac000-a70b2000 rw-p 00000000 00:00 0 
a70b2000-a70ff000 ---p 00000000 00:00 0 
a70ff000-a7109000 rw-p 00000000 00:00 0 
a7109000-a74c0000 ---p 00000000 00:00 0 
a74c0000-a7700000 rwxp 00000000 00:00 0 
a7700000-b64c0000 ---p 00000000 00:00 0 
b64c0000-b64d9000 r-xp 00000000 08:05 2767567    /usr/local/java/jdk1.8.0_60/jre/lib/i386/libzip.so
b64d9000-b64da000 rw-p 00019000 08:05 2767567    /usr/local/java/jdk1.8.0_60/jre/lib/i386/libzip.so
b64da000-b64e5000 r-xp 00000000 08:05 3146407    /lib/i386-linux-gnu/libnss_files-2.19.so
b64e5000-b64e6000 r--p 0000a000 08:05 3146407    /lib/i386-linux-gnu/libnss_files-2.19.so
b64e6000-b64e7000 rw-p 0000b000 08:05 3146407    /lib/i386-linux-gnu/libnss_files-2.19.so
b64e7000-b64fc000 r-xp 00000000 08:05 3146394    /lib/i386-linux-gnu/libnsl-2.19.so
b64fc000-b64fd000 r--p 00015000 08:05 3146394    /lib/i386-linux-gnu/libnsl-2.19.so
b64fd000-b64fe000 rw-p 00016000 08:05 3146394    /lib/i386-linux-gnu/libnsl-2.19.so
b64fe000-b6500000 rw-p 00000000 00:00 0 
b6500000-b65fb000 rw-p 00000000 00:00 0 
b65fb000-b6600000 ---p 00000000 00:00 0 
b6600000-b6602000 r--s 0000d000 08:05 2797870    /usr/local/netbeans-8.0.2/java/modules/JasperReport/commons-logging-1.1.1.jar
b6602000-b6603000 r--s 00007000 08:05 2773087    /usr/local/netbeans-8.0.2/enterprise/modules/ext/jstl-api.jar
b6603000-b6604000 r--p 002c5000 08:05 2752768    /usr/lib/locale/locale-archive
b6604000-b6605000 r--p 002c8000 08:05 2752768    /usr/lib/locale/locale-archive
b6605000-b660f000 r-xp 00000000 08:05 3146393    /lib/i386-linux-gnu/libnss_nis-2.19.so
b660f000-b6610000 r--p 00009000 08:05 3146393    /lib/i386-linux-gnu/libnss_nis-2.19.so
b6610000-b6611000 rw-p 0000a000 08:05 3146393    /lib/i386-linux-gnu/libnss_nis-2.19.so
b6611000-b6613000 r--s 0000b000 08:05 2772625    /usr/local/netbeans-8.0.2/enterprise/modules/ext/javaee6-endorsed/webservices-api-osgi.jar
b6613000-b6616000 r--s 00017000 08:05 2772847    /usr/local/netbeans-8.0.2/enterprise/modules/ext/javaee6-endorsed/jaxb-api-osgi.jar
b6616000-b6622000 rw-p 00000000 00:00 0 
b6622000-b662a000 rw-s 00000000 08:05 1052657    /tmp/hsperfdata_hugo/3502
b662a000-b664e000 r-xp 00000000 08:05 2767536    /usr/local/java/jdk1.8.0_60/jre/lib/i386/libjava.so
b664e000-b664f000 rw-p 00023000 08:05 2767536    /usr/local/java/jdk1.8.0_60/jre/lib/i386/libjava.so
b664f000-b6656000 r-xp 00000000 08:05 3146408    /lib/i386-linux-gnu/librt-2.19.so
b6656000-b6657000 r--p 00006000 08:05 3146408    /lib/i386-linux-gnu/librt-2.19.so
b6657000-b6658000 rw-p 00007000 08:05 3146408    /lib/i386-linux-gnu/librt-2.19.so
b665a000-b66a9000 rw-p 00000000 00:00 0          [stack:3509]
b66a9000-b66ed000 r-xp 00000000 08:05 3146398    /lib/i386-linux-gnu/libm-2.19.so
b66ed000-b66ee000 r--p 00043000 08:05 3146398    /lib/i386-linux-gnu/libm-2.19.so
b66ee000-b66ef000 rw-p 00044000 08:05 3146398    /lib/i386-linux-gnu/libm-2.19.so
b66ef000-b706f000 r-xp 00000000 08:05 2767550    /usr/local/java/jdk1.8.0_60/jre/lib/i386/server/libjvm.so
b706f000-b70dc000 rw-p 00980000 08:05 2767550    /usr/local/java/jdk1.8.0_60/jre/lib/i386/server/libjvm.so
b70dc000-b7502000 rw-p 00000000 00:00 0 
b7502000-b76aa000 r-xp 00000000 08:05 3146390    /lib/i386-linux-gnu/libc-2.19.so
b76aa000-b76ac000 r--p 001a8000 08:05 3146390    /lib/i386-linux-gnu/libc-2.19.so
b76ac000-b76ad000 rw-p 001aa000 08:05 3146390    /lib/i386-linux-gnu/libc-2.19.so
b76ad000-b76b0000 rw-p 00000000 00:00 0 
b76b0000-b76b3000 r-xp 00000000 08:05 3146391    /lib/i386-linux-gnu/libdl-2.19.so
b76b3000-b76b4000 r--p 00002000 08:05 3146391    /lib/i386-linux-gnu/libdl-2.19.so
b76b4000-b76b5000 rw-p 00003000 08:05 3146391    /lib/i386-linux-gnu/libdl-2.19.so
b76b5000-b76c9000 r-xp 00000000 08:05 2767126    /usr/local/java/jdk1.8.0_60/lib/i386/jli/libjli.so
b76c9000-b76ca000 rw-p 00014000 08:05 2767126    /usr/local/java/jdk1.8.0_60/lib/i386/jli/libjli.so
b76ca000-b76cb000 rw-p 00000000 00:00 0 
b76cb000-b76e3000 r-xp 00000000 08:05 3146403    /lib/i386-linux-gnu/libpthread-2.19.so
b76e3000-b76e4000 r--p 00018000 08:05 3146403    /lib/i386-linux-gnu/libpthread-2.19.so
b76e4000-b76e5000 rw-p 00019000 08:05 3146403    /lib/i386-linux-gnu/libpthread-2.19.so
b76e5000-b76e7000 rw-p 00000000 00:00 0 
b76e7000-b76e9000 r--s 00004000 08:05 2772750    /usr/local/netbeans-8.0.2/enterprise/modules/ext/javaee6-endorsed/javax.annotation.jar
b76e9000-b76f0000 r-xp 00000000 08:05 3146399    /lib/i386-linux-gnu/libnss_compat-2.19.so
b76f0000-b76f1000 r--p 00006000 08:05 3146399    /lib/i386-linux-gnu/libnss_compat-2.19.so
b76f1000-b76f2000 rw-p 00007000 08:05 3146399    /lib/i386-linux-gnu/libnss_compat-2.19.so
b76f2000-b76f3000 rw-p 00000000 00:00 0 
b76f3000-b76f4000 r--p 00000000 00:00 0 
b76f4000-b76ff000 r-xp 00000000 08:05 2767604    /usr/local/java/jdk1.8.0_60/jre/lib/i386/libverify.so
b76ff000-b7700000 rw-p 0000b000 08:05 2767604    /usr/local/java/jdk1.8.0_60/jre/lib/i386/libverify.so
b7700000-b7702000 rw-p 00000000 00:00 0 
b7702000-b7703000 r-xp 00000000 00:00 0          [vdso]
b7703000-b7723000 r-xp 00000000 08:05 3146392    /lib/i386-linux-gnu/ld-2.19.so
b7723000-b7724000 r--p 0001f000 08:05 3146392    /lib/i386-linux-gnu/ld-2.19.so
b7724000-b7725000 rw-p 00020000 08:05 3146392    /lib/i386-linux-gnu/ld-2.19.so
bfdff000-bfe00000 rwxp 00000000 00:00 0 
bfe31000-bfe53000 rw-p 00000000 00:00 0          [stack]

VM Arguments:
jvm_args: -Dfile.encoding=UTF-8 -Xbootclasspath/p:/usr/local/netbeans-8.0.2/enterprise/modules/ext/javaee6-endorsed/javax.annotation.jar:/usr/local/netbeans-8.0.2/enterprise/modules/ext/javaee6-endorsed/jaxb-api-osgi.jar:/usr/local/netbeans-8.0.2/enterprise/modules/ext/javaee6-endorsed/webservices-api-osgi.jar 
java_command: com.itx.execute.Ejecutar
java_class_path (initial): /home/hugo/NetBeansProjects/Interfase/build/web/WEB-INF/classes:/usr/local/netbeans-8.0.2/ide/modules/ext/postgresql-9.2-1002.jdbc4.jar:/usr/local/netbeans-8.0.2/enterprise/modules/ext/jstl-impl.jar:/usr/local/netbeans-8.0.2/enterprise/modules/ext/jstl-api.jar:/usr/local/netbeans-8.0.2/java/modules/JasperReport/commons-beanutils-1.9.0.jar:/usr/local/netbeans-8.0.2/java/modules/JasperReport/commons-collections-3.2.1.jar:/usr/local/netbeans-8.0.2/java/modules/JasperReport/commons-digester-2.1.jar:/usr/local/netbeans-8.0.2/java/modules/JasperReport/commons-javaflow-20060411.jar:/usr/local/netbeans-8.0.2/java/modules/JasperReport/commons-logging-1.1.1.jar:/usr/local/netbeans-8.0.2/java/modules/JasperReport/iText-2.1.7.js2.jar:/usr/local/netbeans-8.0.2/java/modules/JasperReport/jasperreports-6.1.0.jar:/usr/local/netbeans-8.0.2/java/modules/JasperReport/jasperreports-fonts-6.1.0.jar:/usr/local/netbeans-8.0.2/java/modules/JasperReport/jasperreports-javaflow-6.1.0.jar:/usr/local/netbeans-8.0.2/java/modules/JasperReport/png-encoder-1.5.jar:/usr/local/netbeans-8.0.2/java/modules/JasperReport/poi-3.10.1.jar:/usr/local/apache-tomcat-7.0.14/lib/annotations-api.jar:/usr/local/apache-tomcat-7.0.14/lib/catalina-ant.jar:/usr/local/apache-tomcat-7.0.14/lib/catalina-ha.jar:/usr/local/apache-tomcat-7.0.14/lib/catalina-tribes.jar:/usr/local/apache-tomcat-7.0.14/lib/catalina.jar:/usr/local/apache-tomcat-7.0.14/lib/ecj-3.6.2.jar:/usr/local/apache-tomcat-7.0.14/lib/el-api.jar:/usr/local/apache-tomcat-7.0.14/lib/jasper-el.jar:/usr/local/apache-tomcat-7.0.14/lib/jasper.jar:/usr/local/apache-tomcat-7.0.14/lib/jsp-api.jar:/usr/local/apache-tomcat-7.0.14/lib/servlet-api.jar:/usr/local/apache-tomcat-7.0.14/lib/tomcat-api.jar:/usr/local/apache-tomcat-7.0.14/lib/tomcat-coyote.jar:/usr/local/apache-tomcat-7.0.14/lib/tomcat-dbcp.jar:/usr/local/apache-tomcat-7.0.14/lib/tomcat-i18n-es.jar:/usr/local/apache-tomcat-7.0.14/lib/tomcat-i18n-fr.jar:/usr/local/apache-tomcat-7.0.1
Launcher Type: SUN_STANDARD

Environment Variables:
JAVA_HOME=/usr/local/java/jdk1.8.0_60
PATH=/usr/local/sbin:/usr/local/bin:/usr/sbin:/usr/bin:/sbin:/bin:/usr/games:/usr/local/games:/home/hugo/bin:/usr/local/java/jdk1.8.0_60/bin
LD_LIBRARY_PATH=/usr/local/java/jdk1.8.0_60/jre/lib/amd64:/usr/local/java/jdk1.8.0_60/jre/lib/i386:
SHELL=/bin/bash
DISPLAY=:0

Signal Handlers:
SIGSEGV: [libjvm.so+0x8cdb80], sa_mask[0]=11111111011111111101111111111110, sa_flags=SA_RESTART|SA_SIGINFO
SIGBUS: [libjvm.so+0x8cdb80], sa_mask[0]=11111111011111111101111111111110, sa_flags=SA_RESTART|SA_SIGINFO
SIGFPE: [libjvm.so+0x74db00], sa_mask[0]=11111111011111111101111111111110, sa_flags=SA_RESTART|SA_SIGINFO
SIGPIPE: [libjvm.so+0x74db00], sa_mask[0]=11111111011111111101111111111110, sa_flags=SA_RESTART|SA_SIGINFO
SIGXFSZ: [libjvm.so+0x74db00], sa_mask[0]=11111111011111111101111111111110, sa_flags=SA_RESTART|SA_SIGINFO
SIGILL: [libjvm.so+0x74db00], sa_mask[0]=11111111011111111101111111111110, sa_flags=SA_RESTART|SA_SIGINFO
SIGUSR1: SIG_DFL, sa_mask[0]=00000000000000000000000000000000, sa_flags=none
SIGUSR2: [libjvm.so+0x74f180], sa_mask[0]=00100000000000000000000000000000, sa_flags=SA_RESTART|SA_SIGINFO
SIGHUP: [libjvm.so+0x750630], sa_mask[0]=11111111011111111101111111111110, sa_flags=SA_RESTART|SA_SIGINFO
SIGINT: SIG_IGN, sa_mask[0]=00000000000000000000000000000000, sa_flags=none
SIGTERM: [libjvm.so+0x750630], sa_mask[0]=11111111011111111101111111111110, sa_flags=SA_RESTART|SA_SIGINFO
SIGQUIT: [libjvm.so+0x750630], sa_mask[0]=11111111011111111101111111111110, sa_flags=SA_RESTART|SA_SIGINFO


---------------  S Y S T E M  ---------------

OS:DISTRIB_ID=Ubuntu
DISTRIB_RELEASE=14.04
DISTRIB_CODENAME=trusty
DISTRIB_DESCRIPTION="Ubuntu 14.04.3 LTS"

uname:Linux 3.13.0-65-generic #105-Ubuntu SMP Mon Sep 21 18:51:54 UTC 2015 i686
libc:glibc 2.19 NPTL 2.19 
rlimit: STACK 8192k, CORE 0k, NPROC 15768, NOFILE 4096, AS infinity
load average:4,65 2,08 1,13

/proc/meminfo:
MemTotal:        2037556 kB
MemFree:          111104 kB
Buffers:             376 kB
Cached:           420040 kB
SwapCached:            0 kB
Active:          1505848 kB
Inactive:         363708 kB
Active(anon):    1498800 kB
Inactive(anon):   347532 kB
Active(file):       7048 kB
Inactive(file):    16176 kB
Unevictable:          80 kB
Mlocked:              80 kB
HighTotal:       1156808 kB
HighFree:          21392 kB
LowTotal:         880748 kB
LowFree:           89712 kB
SwapTotal:             0 kB
SwapFree:              0 kB
Dirty:                88 kB
Writeback:             0 kB
AnonPages:       1449196 kB
Mapped:            62256 kB
Shmem:            397216 kB
Slab:              28924 kB
SReclaimable:      12840 kB
SUnreclaim:        16084 kB
KernelStack:        3744 kB
PageTables:        10904 kB
NFS_Unstable:          0 kB
Bounce:                0 kB
WritebackTmp:          0 kB
CommitLimit:     1018776 kB
Committed_AS:    4655732 kB
VmallocTotal:     122880 kB
VmallocUsed:       11500 kB
VmallocChunk:     104268 kB
HardwareCorrupted:     0 kB
AnonHugePages:    606208 kB
HugePages_Total:       0
HugePages_Free:        0
HugePages_Rsvd:        0
HugePages_Surp:        0
Hugepagesize:       2048 kB
DirectMap4k:       24568 kB
DirectMap2M:      888832 kB


CPU:total 2 (2 cores per cpu, 1 threads per core) family 6 model 23 stepping 6, cmov, cx8, fxsr, mmx, sse, sse2, sse3, ssse3, sse4.1, tsc

/proc/cpuinfo:
processor	: 0
vendor_id	: GenuineIntel
cpu family	: 6
model		: 23
model name	: Intel(R) Core(TM)2 Duo CPU     E7200  @ 2.53GHz
stepping	: 6
microcode	: 0x60c
cpu MHz		: 1600.000
cache size	: 3072 KB
physical id	: 0
siblings	: 2
core id		: 0
cpu cores	: 2
apicid		: 0
initial apicid	: 0
fdiv_bug	: no
f00f_bug	: no
coma_bug	: no
fpu		: yes
fpu_exception	: yes
cpuid level	: 10
wp		: yes
flags		: fpu vme de pse tsc msr pae mce cx8 apic sep mtrr pge mca cmov pat pse36 clflush dts acpi mmx fxsr sse sse2 ss ht tm pbe nx lm constant_tsc arch_perfmon pebs bts aperfmperf pni dtes64 monitor ds_cpl est tm2 ssse3 cx16 xtpr pdcm sse4_1 lahf_lm dtherm
bogomips	: 5054.49
clflush size	: 64
cache_alignment	: 64
address sizes	: 36 bits physical, 48 bits virtual
power management:

processor	: 1
vendor_id	: GenuineIntel
cpu family	: 6
model		: 23
model name	: Intel(R) Core(TM)2 Duo CPU     E7200  @ 2.53GHz
stepping	: 6
microcode	: 0x60c
cpu MHz		: 2533.000
cache size	: 3072 KB
physical id	: 0
siblings	: 2
core id		: 1
cpu cores	: 2
apicid		: 1
initial apicid	: 1
fdiv_bug	: no
f00f_bug	: no
coma_bug	: no
fpu		: yes
fpu_exception	: yes
cpuid level	: 10
wp		: yes
flags		: fpu vme de pse tsc msr pae mce cx8 apic sep mtrr pge mca cmov pat pse36 clflush dts acpi mmx fxsr sse sse2 ss ht tm pbe nx lm constant_tsc arch_perfmon pebs bts aperfmperf pni dtes64 monitor ds_cpl est tm2 ssse3 cx16 xtpr pdcm sse4_1 lahf_lm dtherm
bogomips	: 5054.49
clflush size	: 64
cache_alignment	: 64
address sizes	: 36 bits physical, 48 bits virtual
power management:



Memory: 4k page, physical 2037556k(111104k free), swap 0k(0k free)

vm_info: Java HotSpot(TM) Server VM (25.60-b23) for linux-x86 JRE (1.8.0_60-b27), built on Aug  4 2015 10:44:54 by "java_re" with gcc 4.3.0 20080428 (Red Hat 4.3.0-8)

time: Fri Oct  2 10:17:50 2015
elapsed time: 65 seconds (0d 0h 1m 5s)

